#
# A fatal error has been detected by the Java Runtime Environment:
#
#  EXCEPTION_ACCESS_VIOLATION (0xc0000005) at pc=0x6c97a69d, pid=4328, tid=16372
#
# JRE version: Java(TM) SE Runtime Environment (8.0_65-b17) (build 1.8.0_65-b17)
# Java VM: Java HotSpot(TM) Client VM (25.65-b01 mixed mode windows-x86 )
# Problematic frame:
# V  [jvm.dll+0xca69d]
#
# Failed to write core dump. Minidumps are not enabled by default on client versions of Windows
#
# If you would like to submit a bug report, please visit:
#   http://bugreport.java.com/bugreport/crash.jsp
#

---------------  T H R E A D  ---------------

Current thread (0x15298800):  JavaThread "JDWP Transport Listener: dt_socket" daemon [_thread_in_vm, id=16372, stack(0x155e0000,0x15630000)]

siginfo: ExceptionCode=0xc0000005, reading address 0x656e6574

Registers:
EAX=0x656e6574, EBX=0x00000000, ECX=0x656e6574, EDX=0x00000000
ESP=0x1562f5f8, EBP=0x1562f5fc, ESI=0x15298800, EDI=0x027a7950
EIP=0x6c97a69d, EFLAGS=0x00010206

Top of Stack: (sp=0x1562f5f8)
0x1562f5f8:   15298800 1562f624 6cad7724 656e6574
0x1562f608:   1562f6dc 1562f65f 15298800 00000000
0x1562f618:   00000000 00000000 15298800 1562f660
0x1562f628:   6e829f80 027a7950 656e6574 1562f65f
0x1562f638:   656e6574 6e81436d 656e6574 1562f65f
0x1562f648:   00000013 00000000 00000000 00000001
0x1562f658:   00000000 00294780 1562f680 6e8144e0
0x1562f668:   00000001 1562f69c 1562f6d8 15bd7fe8 

Instructions: (pc=0x6c97a69d)
0x6c97a67d:   5d c3 52 e8 5b f9 ff ff 5d c3 cc cc cc cc cc cc
0x6c97a68d:   cc cc cc 55 8b ec 8b 45 08 85 c0 75 02 5d c3 56
0x6c97a69d:   8b 30 85 f6 74 17 83 fe 37 74 12 8b 06 8b 50 08
0x6c97a6ad:   8b ce ff d2 84 c0 74 05 8b c6 5e 5d c3 33 c0 5e 


Register to memory mapping:

EAX=0x656e6574 is an unknown value
EBX=0x00000000 is an unknown value
ECX=0x656e6574 is an unknown value
EDX=0x00000000 is an unknown value
ESP=0x1562f5f8 is pointing into the stack for thread: 0x15298800
EBP=0x1562f5fc is pointing into the stack for thread: 0x15298800
ESI=0x15298800 is a thread
EDI=0x027a7950 is an unknown value


Stack: [0x155e0000,0x15630000],  sp=0x1562f5f8,  free space=317k
Native frames: (J=compiled Java code, j=interpreted, Vv=VM code, C=native code)
V  [jvm.dll+0xca69d]
V  [jvm.dll+0x227724]
C  [jdwp.dll+0x19f80]
C  [jdwp.dll+0x44e0]
C  [jdwp.dll+0x451e]
C  0xb0b31501


---------------  P R O C E S S  ---------------

Java Threads: ( => current thread )
  0x15b37800 JavaThread "TimerQueue" daemon [_thread_blocked, id=11848, stack(0x17800000,0x17850000)]
  0x027ad400 JavaThread "DestroyJavaVM" [_thread_blocked, id=10856, stack(0x00c60000,0x00cb0000)]
  0x15a25000 JavaThread "AWT-EventQueue-0" [_thread_blocked, id=8032, stack(0x16980000,0x169d0000)]
  0x159af800 JavaThread "AWT-Windows" daemon [_thread_blocked, id=15116, stack(0x16210000,0x16260000)]
  0x159ae800 JavaThread "AWT-Shutdown" [_thread_blocked, id=15556, stack(0x16180000,0x161d0000)]
  0x159aa800 JavaThread "Java2D Disposer" daemon [_thread_blocked, id=13376, stack(0x160f0000,0x16140000)]
  0x15303000 JavaThread "Service Thread" daemon [_thread_blocked, id=1936, stack(0x15820000,0x15870000)]
  0x152dd800 JavaThread "C1 CompilerThread0" daemon [_thread_blocked, id=14804, stack(0x15790000,0x157e0000)]
  0x152cd000 JavaThread "JDWP Command Reader" daemon [_thread_in_native, id=12740, stack(0x15700000,0x15750000)]
  0x152c6c00 JavaThread "JDWP Event Helper Thread" daemon [_thread_blocked, id=12132, stack(0x15670000,0x156c0000)]
=>0x15298800 JavaThread "JDWP Transport Listener: dt_socket" daemon [_thread_in_vm, id=16372, stack(0x155e0000,0x15630000)]
  0x1528d800 JavaThread "Attach Listener" daemon [_thread_blocked, id=17364, stack(0x15550000,0x155a0000)]
  0x15289c00 JavaThread "Signal Dispatcher" daemon [_thread_blocked, id=9072, stack(0x154c0000,0x15510000)]
  0x15265000 JavaThread "Finalizer" daemon [_thread_blocked, id=6196, stack(0x04d70000,0x04dc0000)]
  0x15263c00 JavaThread "Reference Handler" daemon [_thread_blocked, id=1068, stack(0x04ce0000,0x04d30000)]

Other Threads:
  0x02c8e400 VMThread [stack: 0x04c90000,0x04ce0000] [id=18016]
  0x152ea800 WatcherThread [stack: 0x158b0000,0x15900000] [id=14108]

VM state:not at safepoint (normal execution)

VM Mutex/Monitor currently owned by a thread: None

Heap:
 def new generation   total 4928K, used 4116K [0x04e00000, 0x05350000, 0x0a350000)
  eden space 4416K,  81% used [0x04e00000, 0x05185318, 0x05250000)
  from space 512K, 100% used [0x05250000, 0x052d0000, 0x052d0000)
  to   space 512K,   0% used [0x052d0000, 0x052d0000, 0x05350000)
 tenured generation   total 10944K, used 2196K [0x0a350000, 0x0ae00000, 0x14e00000)
   the space 10944K,  20% used [0x0a350000, 0x0a5750a8, 0x0a575200, 0x0ae00000)
 Metaspace       used 8678K, capacity 8923K, committed 8960K, reserved 9600K

Card table byte_map: [0x026d0000,0x02760000] byte_map_base: 0x026a9000

Polling page: 0x00cb0000

CodeCache: size=32768Kb used=1118Kb max_used=1118Kb free=31649Kb
 bounds [0x02c90000, 0x02da8000, 0x04c90000]
 total_blobs=563 nmethods=326 adapters=176
 compilation: enabled

Compilation events (10 events):
Event: 8.659 Thread 0x152dd800  322             java.awt.Toolkit$SelectiveAWTEventListener::eventDispatched (745 bytes)
Event: 8.660 Thread 0x152dd800 nmethod 322 0x02da5e08 code [0x02da5f40, 0x02da67ec]
Event: 8.742 Thread 0x152dd800  323             java.lang.Boolean::booleanValue (5 bytes)
Event: 8.742 Thread 0x152dd800 nmethod 323 0x02da6d48 code [0x02da6e40, 0x02da6ec0]
Event: 8.835 Thread 0x152dd800  324             java.security.AccessControlContext::calculateFields (89 bytes)
Event: 8.835 Thread 0x152dd800 nmethod 324 0x02da6f08 code [0x02da7020, 0x02da7188]
Event: 9.160 Thread 0x152dd800  325             java.awt.Component::getFont_NoClientCode (29 bytes)
Event: 9.160 Thread 0x152dd800 nmethod 325 0x02da7288 code [0x02da7390, 0x02da749c]
Event: 9.273 Thread 0x152dd800  326             java.awt.Container::getMouseEventTarget (50 bytes)
Event: 9.273 Thread 0x152dd800 nmethod 326 0x02da7588 code [0x02da7690, 0x02da77c8]

GC Heap History (4 events):
Event: 1.590 GC heap before
{Heap before GC invocations=0 (full 0):
 def new generation   total 4928K, used 4416K [0x04e00000, 0x05350000, 0x0a350000)
  eden space 4416K, 100% used [0x04e00000, 0x05250000, 0x05250000)
  from space 512K,   0% used [0x05250000, 0x05250000, 0x052d0000)
  to   space 512K,   0% used [0x052d0000, 0x052d0000, 0x05350000)
 tenured generation   total 10944K, used 0K [0x0a350000, 0x0ae00000, 0x14e00000)
   the space 10944K,   0% used [0x0a350000, 0x0a350000, 0x0a350200, 0x0ae00000)
 Metaspace       used 4186K, capacity 4261K, committed 4288K, reserved 4480K
Event: 1.596 GC heap after
Heap after GC invocations=1 (full 0):
 def new generation   total 4928K, used 512K [0x04e00000, 0x05350000, 0x0a350000)
  eden space 4416K,   0% used [0x04e00000, 0x04e00000, 0x05250000)
  from space 512K, 100% used [0x052d0000, 0x05350000, 0x05350000)
  to   space 512K,   0% used [0x05250000, 0x05250000, 0x052d0000)
 tenured generation   total 10944K, used 975K [0x0a350000, 0x0ae00000, 0x14e00000)
   the space 10944K,   8% used [0x0a350000, 0x0a443f18, 0x0a444000, 0x0ae00000)
 Metaspace       used 4186K, capacity 4261K, committed 4288K, reserved 4480K
}
Event: 6.881 GC heap before
{Heap before GC invocations=1 (full 0):
 def new generation   total 4928K, used 4928K [0x04e00000, 0x05350000, 0x0a350000)
  eden space 4416K, 100% used [0x04e00000, 0x05250000, 0x05250000)
  from space 512K, 100% used [0x052d0000, 0x05350000, 0x05350000)
  to   space 512K,   0% used [0x05250000, 0x05250000, 0x052d0000)
 tenured generation   total 10944K, used 975K [0x0a350000, 0x0ae00000, 0x14e00000)
   the space 10944K,   8% used [0x0a350000, 0x0a443f18, 0x0a444000, 0x0ae00000)
 Metaspace       used 8287K, capacity 8507K, committed 8576K, reserved 8576K
Event: 6.891 GC heap after
Heap after GC invocations=2 (full 0):
 def new generation   total 4928K, used 512K [0x04e00000, 0x05350000, 0x0a350000)
  eden space 4416K,   0% used [0x04e00000, 0x04e00000, 0x05250000)
  from space 512K, 100% used [0x05250000, 0x052d0000, 0x052d0000)
  to   space 512K,   0% used [0x052d0000, 0x052d0000, 0x05350000)
 tenured generation   total 10944K, used 2196K [0x0a350000, 0x0ae00000, 0x14e00000)
   the space 10944K,  20% used [0x0a350000, 0x0a5750a8, 0x0a575200, 0x0ae00000)
 Metaspace       used 8287K, capacity 8507K, committed 8576K, reserved 8576K
}

Deoptimization events (0 events):
No events

Internal exceptions (10 events):
Event: 0.481 Thread 0x027ad400 Exception <a 'java/security/PrivilegedActionException'> (0x04f46f00) thrown at [C:\re\workspace\8-2-build-windows-i586-cygwin\jdk8u65\4987\hotspot\src\share\vm\prims\jvm.cpp, line 1386]
Event: 0.481 Thread 0x027ad400 Exception <a 'java/security/PrivilegedActionException'> (0x04f47100) thrown at [C:\re\workspace\8-2-build-windows-i586-cygwin\jdk8u65\4987\hotspot\src\share\vm\prims\jvm.cpp, line 1386]
Event: 0.482 Thread 0x027ad400 Exception <a 'java/security/PrivilegedActionException'> (0x04f4b340) thrown at [C:\re\workspace\8-2-build-windows-i586-cygwin\jdk8u65\4987\hotspot\src\share\vm\prims\jvm.cpp, line 1386]
Event: 0.482 Thread 0x027ad400 Exception <a 'java/security/PrivilegedActionException'> (0x04f4b540) thrown at [C:\re\workspace\8-2-build-windows-i586-cygwin\jdk8u65\4987\hotspot\src\share\vm\prims\jvm.cpp, line 1386]
Event: 1.553 Thread 0x027ad400 Exception <a 'java/io/FileNotFoundException'> (0x05201b58) thrown at [C:\re\workspace\8-2-build-windows-i586-cygwin\jdk8u65\4987\hotspot\src\share\vm\prims\jni.cpp, line 709]
Event: 1.623 Thread 0x027ad400 Exception <a 'java/lang/NoSuchFieldError': method resolution failed> (0x04e6bbf0) thrown at [C:\re\workspace\8-2-build-windows-i586-cygwin\jdk8u65\4987\hotspot\src\share\vm\prims\methodHandles.cpp, line 1146]
Event: 1.626 Thread 0x027ad400 Exception <a 'java/lang/NoSuchFieldError': method resolution failed> (0x04e77e50) thrown at [C:\re\workspace\8-2-build-windows-i586-cygwin\jdk8u65\4987\hotspot\src\share\vm\prims\methodHandles.cpp, line 1146]
Event: 1.702 Thread 0x027ad400 Exception <a 'java/io/FileNotFoundException'> (0x04efd010) thrown at [C:\re\workspace\8-2-build-windows-i586-cygwin\jdk8u65\4987\hotspot\src\share\vm\prims\jni.cpp, line 709]
Event: 1.920 Thread 0x027ad400 Exception <a 'java/io/FileNotFoundException'> (0x050015c0) thrown at [C:\re\workspace\8-2-build-windows-i586-cygwin\jdk8u65\4987\hotspot\src\share\vm\prims\jni.cpp, line 709]
Event: 1.920 Thread 0x027ad400 Exception <a 'java/lang/NullPointerException'> (0x05001bb0) thrown at [C:\re\workspace\8-2-build-windows-i586-cygwin\jdk8u65\4987\hotspot\src\share\vm\interpreter\linkResolver.cpp, line 1178]

Events (10 events):
Event: 153.029 Executing VM operation: ChangeBreakpoints
Event: 153.030 Executing VM operation: ChangeBreakpoints done
Event: 153.037 Executing VM operation: RedefineClasses
Event: 153.042 Executing VM operation: RedefineClasses done
Event: 153.045 Executing VM operation: GetOrSetLocal
Event: 153.045 Executing VM operation: GetOrSetLocal done
Event: 153.119 Executing VM operation: ChangeBreakpoints
Event: 153.119 Executing VM operation: ChangeBreakpoints done
Event: 153.124 Executing VM operation: ChangeBreakpoints
Event: 153.124 Executing VM operation: ChangeBreakpoints done


Dynamic libraries:
0x01080000 - 0x010b3000 	C:\Program Files (x86)\Java\jdk1.8.0_65\bin\java.exe
0x776f0000 - 0x77880000 	C:\WINDOWS\SYSTEM32\ntdll.dll
0x77470000 - 0x77550000 	C:\WINDOWS\System32\KERNEL32.DLL
0x74ce0000 - 0x74ec4000 	C:\WINDOWS\System32\KERNELBASE.dll
0x6afe0000 - 0x6b07d000 	C:\WINDOWS\SYSTEM32\apphelp.dll
0x74c60000 - 0x74cd8000 	C:\WINDOWS\System32\ADVAPI32.dll
0x75950000 - 0x75a0f000 	C:\WINDOWS\System32\msvcrt.dll
0x73fd0000 - 0x74014000 	C:\WINDOWS\System32\sechost.dll
0x77180000 - 0x77240000 	C:\WINDOWS\System32\RPCRT4.dll
0x73fb0000 - 0x73fd0000 	C:\WINDOWS\System32\SspiCli.dll
0x73fa0000 - 0x73faa000 	C:\WINDOWS\System32\CRYPTBASE.dll
0x743a0000 - 0x743f7000 	C:\WINDOWS\System32\bcryptPrimitives.dll
0x74210000 - 0x7439d000 	C:\WINDOWS\System32\USER32.dll
0x773c0000 - 0x773d7000 	C:\WINDOWS\System32\win32u.dll
0x746d0000 - 0x746f2000 	C:\WINDOWS\System32\GDI32.dll
0x74550000 - 0x746b4000 	C:\WINDOWS\System32\gdi32full.dll
0x74710000 - 0x7478d000 	C:\WINDOWS\System32\msvcp_win.dll
0x75a10000 - 0x75b2d000 	C:\WINDOWS\System32\ucrtbase.dll
0x70050000 - 0x70254000 	C:\WINDOWS\WinSxS\x86_microsoft.windows.common-controls_6595b64144ccf1df_6.0.17134.950_none_42eadafe44e5fce6\COMCTL32.dll
0x74900000 - 0x74b5c000 	C:\WINDOWS\System32\combase.dll
0x75920000 - 0x75946000 	C:\WINDOWS\System32\IMM32.DLL
0x6cc80000 - 0x6cd3f000 	C:\Program Files (x86)\Java\jdk1.8.0_65\jre\bin\msvcr100.dll
0x6c8b0000 - 0x6cc74000 	C:\Program Files (x86)\Java\jdk1.8.0_65\jre\bin\client\jvm.dll
0x74700000 - 0x74706000 	C:\WINDOWS\System32\PSAPI.DLL
0x738e0000 - 0x738e8000 	C:\WINDOWS\SYSTEM32\WSOCK32.dll
0x75d70000 - 0x75dd7000 	C:\WINDOWS\System32\WS2_32.dll
0x73b10000 - 0x73b34000 	C:\WINDOWS\SYSTEM32\WINMM.dll
0x73f90000 - 0x73f98000 	C:\WINDOWS\SYSTEM32\VERSION.dll
0x73ae0000 - 0x73b03000 	C:\WINDOWS\SYSTEM32\WINMMBASE.dll
0x772f0000 - 0x77329000 	C:\WINDOWS\System32\cfgmgr32.dll
0x6e870000 - 0x6e87c000 	C:\Program Files (x86)\Java\jdk1.8.0_65\jre\bin\verify.dll
0x6e840000 - 0x6e861000 	C:\Program Files (x86)\Java\jdk1.8.0_65\jre\bin\java.dll
0x6e810000 - 0x6e839000 	C:\Program Files (x86)\Java\jdk1.8.0_65\jre\bin\jdwp.dll
0x6e800000 - 0x6e807000 	C:\Program Files (x86)\Java\jdk1.8.0_65\jre\bin\npt.dll
0x6e5c0000 - 0x6e5d3000 	C:\Program Files (x86)\Java\jdk1.8.0_65\jre\bin\zip.dll
0x75de0000 - 0x7712a000 	C:\WINDOWS\System32\SHELL32.dll
0x773e0000 - 0x77468000 	C:\WINDOWS\System32\shcore.dll
0x75300000 - 0x758ba000 	C:\WINDOWS\System32\windows.storage.dll
0x77130000 - 0x77175000 	C:\WINDOWS\System32\shlwapi.dll
0x75be0000 - 0x75bef000 	C:\WINDOWS\System32\kernel.appcore.dll
0x75cf0000 - 0x75d08000 	C:\WINDOWS\System32\profapi.dll
0x772a0000 - 0x772e5000 	C:\WINDOWS\System32\powrprof.dll
0x775f0000 - 0x775f8000 	C:\WINDOWS\System32\FLTLIB.DLL
0x6e5b0000 - 0x6e5b8000 	C:\Program Files (x86)\Java\jdk1.8.0_65\jre\bin\dt_socket.dll
0x73260000 - 0x732b6000 	C:\WINDOWS\system32\mswsock.dll
0x726e0000 - 0x726f3000 	C:\WINDOWS\SYSTEM32\CRYPTSP.dll
0x726b0000 - 0x726df000 	C:\WINDOWS\system32\rsaenh.dll
0x72fe0000 - 0x72ff9000 	C:\WINDOWS\SYSTEM32\bcrypt.dll
0x73f60000 - 0x73f81000 	C:\WINDOWS\SYSTEM32\USERENV.dll
0x6e550000 - 0x6e566000 	C:\Program Files (x86)\Java\jdk1.8.0_65\jre\bin\net.dll
0x73e10000 - 0x73e40000 	C:\WINDOWS\SYSTEM32\IPHLPAPI.DLL
0x74b70000 - 0x74b77000 	C:\WINDOWS\System32\NSI.dll
0x72740000 - 0x72753000 	C:\WINDOWS\SYSTEM32\dhcpcsvc6.DLL
0x73220000 - 0x73234000 	C:\WINDOWS\SYSTEM32\dhcpcsvc.DLL
0x6e540000 - 0x6e54f000 	C:\Program Files (x86)\Java\jdk1.8.0_65\jre\bin\nio.dll
0x6e000000 - 0x6e0e4000 	C:\Users\juu79\AppData\Local\Temp\sqlite-3.23.1-8d802c19-3af9-44a0-a980-6dd2db6db535-sqlitejdbc.dll
0x6c400000 - 0x6c545000 	C:\Program Files (x86)\Java\jdk1.8.0_65\jre\bin\awt.dll
0x77550000 - 0x775e6000 	C:\WINDOWS\System32\OLEAUT32.dll
0x70840000 - 0x70863000 	C:\WINDOWS\system32\DWMAPI.DLL
0x72bf0000 - 0x72c6c000 	C:\WINDOWS\system32\uxtheme.dll
0x74400000 - 0x74543000 	C:\WINDOWS\System32\MSCTF.dll
0x75bf0000 - 0x75cec000 	C:\WINDOWS\System32\ole32.dll
0x6e1f0000 - 0x6e229000 	C:\Program Files (x86)\Java\jdk1.8.0_65\jre\bin\fontmanager.dll
0x77330000 - 0x773b3000 	C:\WINDOWS\System32\clbcatq.dll
0x6ee20000 - 0x6ef91000 	C:\WINDOWS\SYSTEM32\WindowsCodecs.dll
0x6eb50000 - 0x6eb9f000 	C:\WINDOWS\system32\dataexchange.dll
0x6fdf0000 - 0x70042000 	C:\WINDOWS\system32\d3d11.dll
0x6ea10000 - 0x6eb4c000 	C:\WINDOWS\system32\dcomp.dll
0x6fd50000 - 0x6fde8000 	C:\WINDOWS\system32\dxgi.dll
0x6e8a0000 - 0x6ea05000 	C:\WINDOWS\system32\twinapi.appcore.dll
0x6e880000 - 0x6e89a000 	C:\WINDOWS\system32\RMCLIENT.dll
0x6e4f0000 - 0x6e520000 	C:\Program Files (x86)\Java\jdk1.8.0_65\jre\bin\t2k.dll
0x6e670000 - 0x6e6ed000 	C:\WINDOWS\System32\TextInputFramework.dll
0x6c550000 - 0x6c7ad000 	C:\WINDOWS\System32\CoreUIComponents.dll
0x6e5e0000 - 0x6e66b000 	C:\WINDOWS\System32\CoreMessaging.dll
0x71440000 - 0x71469000 	C:\WINDOWS\SYSTEM32\ntmarta.dll
0x70600000 - 0x706d6000 	C:\WINDOWS\SYSTEM32\wintypes.dll
0x6c7d0000 - 0x6c8af000 	C:\WINDOWS\system32\msctfuimanager.dll
0x6c290000 - 0x6c3fb000 	C:\WINDOWS\system32\DUI70.dll
0x6c080000 - 0x6c0fb000 	C:\WINDOWS\system32\DUser.dll
0x6bee0000 - 0x6c07f000 	C:\WINDOWS\SYSTEM32\UIAutomationCore.dll
0x6c180000 - 0x6c206000 	C:\WINDOWS\SYSTEM32\sxs.dll
0x6be90000 - 0x6bed1000 	C:\WINDOWS\System32\UIAnimation.dll
0x6be30000 - 0x6be86000 	C:\Windows\System32\oleacc.dll
0x6c260000 - 0x6c284000 	C:\Program Files (x86)\Java\jdk1.8.0_65\jre\bin\dcpr.dll
0x70260000 - 0x704e6000 	C:\WINDOWS\system32\dwrite.dll
0x6b8a0000 - 0x6be26000 	C:\WINDOWS\SYSTEM32\D3D10Warp.dll
0x6b820000 - 0x6b89e000 	C:\WINDOWS\system32\directmanipulation.dll
0x708e0000 - 0x70910000 	C:\WINDOWS\system32\xmllite.dll
0x73750000 - 0x738d2000 	C:\WINDOWS\SYSTEM32\dbghelp.dll

VM Arguments:
jvm_args: -agentlib:jdwp=transport=dt_socket,address=127.0.0.1:61950,suspend=y,server=n -Dfile.encoding=UTF-8 
java_command: com.up.student.run.Main
java_class_path (initial): C:\Program Files (x86)\Java\jdk1.8.0_65\jre\lib\charsets.jar;C:\Program Files (x86)\Java\jdk1.8.0_65\jre\lib\deploy.jar;C:\Program Files (x86)\Java\jdk1.8.0_65\jre\lib\ext\RXTXcomm.jar;C:\Program Files (x86)\Java\jdk1.8.0_65\jre\lib\ext\access-bridge-32.jar;C:\Program Files (x86)\Java\jdk1.8.0_65\jre\lib\ext\cldrdata.jar;C:\Program Files (x86)\Java\jdk1.8.0_65\jre\lib\ext\dnsns.jar;C:\Program Files (x86)\Java\jdk1.8.0_65\jre\lib\ext\jaccess.jar;C:\Program Files (x86)\Java\jdk1.8.0_65\jre\lib\ext\jfxrt.jar;C:\Program Files (x86)\Java\jdk1.8.0_65\jre\lib\ext\localedata.jar;C:\Program Files (x86)\Java\jdk1.8.0_65\jre\lib\ext\nashorn.jar;C:\Program Files (x86)\Java\jdk1.8.0_65\jre\lib\ext\sunec.jar;C:\Program Files (x86)\Java\jdk1.8.0_65\jre\lib\ext\sunjce_provider.jar;C:\Program Files (x86)\Java\jdk1.8.0_65\jre\lib\ext\sunmscapi.jar;C:\Program Files (x86)\Java\jdk1.8.0_65\jre\lib\ext\sunpkcs11.jar;C:\Program Files (x86)\Java\jdk1.8.0_65\jre\lib\ext\zipfs.jar;C:\Program Files (x86)\Java\jdk1.8.0_65\jre\lib\javaws.jar;C:\Program Files (x86)\Java\jdk1.8.0_65\jre\lib\jce.jar;C:\Program Files (x86)\Java\jdk1.8.0_65\jre\lib\jfr.jar;C:\Program Files (x86)\Java\jdk1.8.0_65\jre\lib\jfxswt.jar;C:\Program Files (x86)\Java\jdk1.8.0_65\jre\lib\jsse.jar;C:\Program Files (x86)\Java\jdk1.8.0_65\jre\lib\management-agent.jar;C:\Program Files (x86)\Java\jdk1.8.0_65\jre\lib\plugin.jar;C:\Program Files (x86)\Java\jdk1.8.0_65\jre\lib\resources.jar;C:\Program Files (x86)\Java\jdk1.8.0_65\jre\lib\rt.jar;C:\Users\juu79\Desktop\student-master1\target\classes;C:\Users\juu79\.m2\repository\org\xerial\sqlite-jdbc\3.23.1\sqlite-jdbc-3.23.1.jar;D:\program files\JetBrains\IntelliJ IDEA Community Edition 2017.1.5\lib\idea_rt.jar
Launcher Type: SUN_STANDARD

Environment Variables:
JAVA_HOME=C:\Program Files\Java\jdk1.8.0_65
CLASSPATH=.;C:\Program Files\Java\jdk1.8.0_65\lib\dt.jar;C:\Program Files\Java\jdk1.8.0_65\lib\tools.jar;
PATH=C:\ProgramData\Oracle\Java\javapath;C:\WINDOWS\system32;C:\WINDOWS;C:\WINDOWS\System32\Wbem;C:\WINDOWS\System32\WindowsPowerShell\v1.0\;C:\Program Files\Java\jdk1.8.0_65\bin;C:\Program Files\Java\jdk1.8.0_65\jre\bin;D:\program files\Git\cmd;D:\Program Files\nodejs\;C:\WINDOWS\System32\OpenSSH\;C:\Users\juu79\AppData\Local\Programs\Python\Python35-32\Scripts\;C:\Users\juu79\AppData\Local\Programs\Python\Python35-32\;C:\Users\juu79\AppData\Local\Microsoft\WindowsApps;C:\Users\juu79\AppData\Roaming\npm;
USERNAME=juu79
OS=Windows_NT
PROCESSOR_IDENTIFIER=Intel64 Family 6 Model 69 Stepping 1, GenuineIntel



---------------  S Y S T E M  ---------------

OS: Windows 10.0 , 64 bit Build 17134 (10.0.17134.753)

CPU:total 4 (2 cores per cpu, 2 threads per core) family 6 model 69 stepping 1, cmov, cx8, fxsr, mmx, sse, sse2, sse3, ssse3, sse4.1, sse4.2, popcnt, avx, avx2, aes, clmul, erms, lzcnt, ht, tsc, tscinvbit, bmi1, bmi2

Memory: 4k page, physical 4080776k(513116k free), swap 8695136k(3888356k free)

vm_info: Java HotSpot(TM) Client VM (25.65-b01) for windows-x86 JRE (1.8.0_65-b17), built on Oct  6 2015 17:26:22 by "java_re" with MS VC++ 10.0 (VS2010)

time: Tue Aug 27 23:55:39 2019
elapsed time: 153 seconds (0d 0h 2m 33s)

